Build started 29/12/2014 2:20:43 PM.
     1>Project "D:\ETS\SoureCode\LTT.ETS.CameraMarketing\IpCamProject\IpCamProject.vcxproj" on node 2 (Build target(s)).
     1>ClCompile:
         D:\Program Files\Microsoft Visual Studio 11.0\VC\bin\CL.exe /c /ID:\ETS\SoureCode\LTT.ETS.CameraMarketing\Lib\include /ZI /nologo /W3 /WX- /sdl /Od /Oy- /D _CRT_SECURE_NO_WARNINGS /D WIN32 /D _DEBUG /D _CONSOLE /D _UNICODE /D UNICODE /Gm /EHsc /RTC1 /MDd /GS /fp:precise /Zc:wchar_t /Zc:forScope /Fo"Debug\\" /Fd"Debug\vc110.pdb" /Gd /TP /analyze- /errorReport:prompt ConnectDB.cpp
         ConnectDB.cpp
     1>d:\ets\sourecode\ltt.ets.cameramarketing\ipcamproject\connectdb.cpp(162): warning C4101: 'statement' : unreferenced local variable
       Link:
         D:\Program Files\Microsoft Visual Studio 11.0\VC\bin\link.exe /ERRORREPORT:PROMPT /OUT:"D:\ETS\SoureCode\LTT.ETS.CameraMarketing\Debug\LTT.ETS.CameraMarketing.exe" /INCREMENTAL:NO /NOLOGO /LIBPATH:D:\ETS\SoureCode\LTT.ETS.CameraMarketing\Lib\vc11\lib opencv_calib3d249d.lib opencv_contrib249d.lib opencv_core249d.lib opencv_features2d249d.lib opencv_flann249.lib opencv_gpu249d.lib opencv_highgui249d.lib opencv_imgproc249d.lib opencv_legacy249d.lib opencv_ml249d.lib opencv_nonfree249d.lib opencv_objdetect249d.lib opencv_photo249d.lib opencv_stitching249d.lib opencv_superres249d.lib opencv_ts249d.lib opencv_video249d.lib opencv_videostab249d.lib kernel32.lib user32.lib gdi32.lib winspool.lib comdlg32.lib advapi32.lib shell32.lib ole32.lib oleaut32.lib uuid.lib odbc32.lib odbccp32.lib /MANIFEST /MANIFESTUAC:"level='asInvoker' uiAccess='false'" /manifest:embed /DEBUG /PDB:"D:\ETS\SoureCode\LTT.ETS.CameraMarketing\Debug\LTT.ETS.CameraMarketing.pdb" /SUBSYSTEM:CONSOLE /TLBID:1 /DYNAMICBASE /NXCOMPAT /IMPLIB:"D:\ETS\SoureCode\LTT.ETS.CameraMarketing\Debug\LTT.ETS.CameraMarketing.lib" /MACHINE:X86 Debug\Blob.obj
         Debug\ColorHistogram.obj
         Debug\ConnectDB.obj
         Debug\ContentFinder.obj
         Debug\IpCam.obj
         Debug\IpCamProject.obj
         Debug\MeanShift.obj
         Debug\MeanShiftTracker.obj
         Debug\sqlite3.obj
         Debug\stdafx.obj
         Debug\Utils.obj
     1>Blob.obj : warning LNK4075: ignoring '/EDITANDCONTINUE' due to '/OPT:LBR' specification
         IpCamProject.vcxproj -> D:\ETS\SoureCode\LTT.ETS.CameraMarketing\Debug\LTT.ETS.CameraMarketing.exe
     1>Done Building Project "D:\ETS\SoureCode\LTT.ETS.CameraMarketing\IpCamProject\IpCamProject.vcxproj" (Build target(s)).

Build succeeded.

Time Elapsed 00:00:05.79
