E:\DAT\VISUALSTUDIOWORKSTAION\IPCAMPROJECT\IPCAMPROJECT\DEBUG\IPCAMPROJECT.PCH
E:\DAT\VISUALSTUDIOWORKSTAION\IPCAMPROJECT\IPCAMPROJECT\DEBUG\STDAFX.OBJ
E:\DAT\VISUALSTUDIOWORKSTAION\IPCAMPROJECT\IPCAMPROJECT\DEBUG\VC110.PDB
E:\DAT\VISUALSTUDIOWORKSTAION\IPCAMPROJECT\IPCAMPROJECT\DEBUG\BLOB.OBJ
E:\DAT\VISUALSTUDIOWORKSTAION\IPCAMPROJECT\IPCAMPROJECT\DEBUG\COLORHISTOGRAM.OBJ
E:\DAT\VISUALSTUDIOWORKSTAION\IPCAMPROJECT\IPCAMPROJECT\DEBUG\CONTENTFINDER.OBJ
E:\DAT\VISUALSTUDIOWORKSTAION\IPCAMPROJECT\IPCAMPROJECT\DEBUG\IPCAMPROJECT.OBJ
E:\DAT\VISUALSTUDIOWORKSTAION\IPCAMPROJECT\IPCAMPROJECT\DEBUG\UTILS.OBJ
E:\DAT\VISUALSTUDIOWORKSTAION\IPCAMPROJECT\IPCAMPROJECT\DEBUG\CONNECTDB.OBJ
E:\DAT\VISUALSTUDIOWORKSTAION\IPCAMPROJECT\IPCAMPROJECT\DEBUG\SQLITE3.OBJ
E:\DAT\VISUALSTUDIOWORKSTAION\IPCAMPROJECT\IPCAMPROJECT\DEBUG\IPCAM.OBJ
E:\DAT\VISUALSTUDIOWORKSTAION\IPCAMPROJECT\DEBUG\IPCAMPROJECT.EXE
E:\DAT\VISUALSTUDIOWORKSTAION\IPCAMPROJECT\DEBUG\IPCAMPROJECT.PDB
E:\dat\VisualStudioWorkstaion\IpCamProject\IpCamProject\Debug\sqlite3.obj
E:\dat\VisualStudioWorkstaion\IpCamProject\IpCamProject\Debug\stdafx.obj
E:\dat\VisualStudioWorkstaion\IpCamProject\IpCamProject\Debug\Blob.obj
E:\dat\VisualStudioWorkstaion\IpCamProject\IpCamProject\Debug\ColorHistogram.obj
E:\dat\VisualStudioWorkstaion\IpCamProject\IpCamProject\Debug\ConnectDB.obj
E:\dat\VisualStudioWorkstaion\IpCamProject\IpCamProject\Debug\ContentFinder.obj
E:\dat\VisualStudioWorkstaion\IpCamProject\IpCamProject\Debug\IpCam.obj
E:\dat\VisualStudioWorkstaion\IpCamProject\IpCamProject\Debug\IpCamProject.obj
E:\dat\VisualStudioWorkstaion\IpCamProject\IpCamProject\Debug\Utils.obj
E:\dat\VisualStudioWorkstaion\IpCamProject\IpCamProject\Debug\CL.read.1.tlog
E:\dat\VisualStudioWorkstaion\IpCamProject\IpCamProject\Debug\CL.write.1.tlog
E:\dat\VisualStudioWorkstaion\IpCamProject\IpCamProject\Debug\cl.command.1.tlog
E:\dat\VisualStudioWorkstaion\IpCamProject\IpCamProject\Debug\link-rc.read.1.tlog
E:\dat\VisualStudioWorkstaion\IpCamProject\IpCamProject\Debug\link-rc.write.1.tlog
E:\dat\VisualStudioWorkstaion\IpCamProject\IpCamProject\Debug\link-cvtres.read.1.tlog
E:\dat\VisualStudioWorkstaion\IpCamProject\IpCamProject\Debug\link-cvtres.write.1.tlog
E:\dat\VisualStudioWorkstaion\IpCamProject\IpCamProject\Debug\link.read.1.tlog
E:\dat\VisualStudioWorkstaion\IpCamProject\IpCamProject\Debug\link.write.1.tlog
E:\dat\VisualStudioWorkstaion\IpCamProject\IpCamProject\Debug\link.command.1.tlog
E:\dat\VisualStudioWorkstaion\IpCamProject\IpCamProject\Debug\IpCamProject.pch
E:\dat\VisualStudioWorkstaion\IpCamProject\IpCamProject\Debug\vc110.idb
E:\dat\VisualStudioWorkstaion\IpCamProject\IpCamProject\Debug\vc110.pdb
E:\dat\VisualStudioWorkstaion\IpCamProject\Debug\IpCamProject.pdb
E:\dat\VisualStudioWorkstaion\IpCamProject\Debug\IpCamProject.exe
