Build started 1/28/2015 10:19:27 PM.
     1>Project "E:\dat\VisualStudioWorkstaion\LTT.EST.CameraMarketing\IpCamProject\IpCamProject.vcxproj" on node 2 (Build target(s)).
     1>ClCompile:
         E:\dat\VisualStudioDev\VC\bin\CL.exe /c /IE:\dat\VisualStudioWorkstaion\LTT.EST.CameraMarketing\Lib\include /Zi /nologo /W3 /WX- /sdl /O2 /Oi /Oy- /GL /D _CRT_SECURE_NO_WARNINGS /D WIN32 /D NDEBUG /D _CONSOLE /D _UNICODE /D UNICODE /Gm- /EHsc /MD /GS /Gy /fp:precise /Zc:wchar_t /Zc:forScope /Yc"stdafx.h" /Fp"Release\LTT.ETS.CameraMarketing.pch" /Fo"Release\\" /Fd"Release\vc110.pdb" /Gd /TP /analyze- /errorReport:prompt stdafx.cpp
         stdafx.cpp
         E:\dat\VisualStudioDev\VC\bin\CL.exe /c /IE:\dat\VisualStudioWorkstaion\LTT.EST.CameraMarketing\Lib\include /Zi /nologo /W3 /WX- /sdl /O2 /Oi /Oy- /GL /D _CRT_SECURE_NO_WARNINGS /D WIN32 /D NDEBUG /D _CONSOLE /D _UNICODE /D UNICODE /Gm- /EHsc /MD /GS /Gy /fp:precise /Zc:wchar_t /Zc:forScope /Yu"stdafx.h" /Fp"Release\LTT.ETS.CameraMarketing.pch" /Fo"Release\\" /Fd"Release\vc110.pdb" /Gd /TP /analyze- /errorReport:prompt BackgroundSubtract.cpp ConnectDB.cpp Detector.cpp Enviroment.cpp HungarianAlg.cpp IpCamProject.cpp Kalman.cpp Tracker.cpp VIBE.cpp
         BackgroundSubtract.cpp
         ConnectDB.cpp
     1>ConnectDB.cpp(209): warning C4101: 'statement' : unreferenced local variable
         Detector.cpp
     1>Detector.cpp(47): warning C4018: '<' : signed/unsigned mismatch
         Enviroment.cpp
     1>Enviroment.cpp(9): warning C4305: 'initializing' : truncation from 'double' to 'float'
     1>Enviroment.cpp(10): warning C4305: 'initializing' : truncation from 'double' to 'float'
         HungarianAlg.cpp
     1>HungarianAlg.cpp(79): warning C4244: '=' : conversion from 'double' to 'int', possible loss of data
     1>HungarianAlg.cpp(486): warning C4244: '=' : conversion from 'double' to 'int', possible loss of data
     1>HungarianAlg.cpp(549): warning C4244: '=' : conversion from 'double' to 'int', possible loss of data
         IpCamProject.cpp
     1>IpCamProject.cpp(58): warning C4305: 'argument' : truncation from 'double' to 'float'
     1>IpCamProject.cpp(88): warning C4018: '<' : signed/unsigned mismatch
     1>IpCamProject.cpp(100): warning C4018: '<' : signed/unsigned mismatch
     1>IpCamProject.cpp(104): warning C4018: '<' : signed/unsigned mismatch
         Kalman.cpp
         Tracker.cpp
     1>Tracker.cpp(82): warning C4018: '<' : signed/unsigned mismatch
     1>Tracker.cpp(111): warning C4018: '<' : signed/unsigned mismatch
     1>Tracker.cpp(114): warning C4018: '<' : signed/unsigned mismatch
     1>Tracker.cpp(118): warning C4244: 'argument' : conversion from 'double' to 'float', possible loss of data
     1>Tracker.cpp(136): warning C4018: '<' : signed/unsigned mismatch
     1>Tracker.cpp(160): warning C4018: '<' : signed/unsigned mismatch
     1>Tracker.cpp(162): warning C4018: '>' : signed/unsigned mismatch
     1>Tracker.cpp(183): warning C4018: '<' : signed/unsigned mismatch
     1>Tracker.cpp(198): warning C4018: '<' : signed/unsigned mismatch
     1>Tracker.cpp(207): warning C4018: '<' : signed/unsigned mismatch
     1>Tracker.cpp(210): warning C4244: 'argument' : conversion from 'double' to 'float', possible loss of data
     1>Tracker.cpp(249): warning C4018: '<' : signed/unsigned mismatch
     1>Tracker.cpp(299): warning C4244: 'argument' : conversion from 'double' to 'int', possible loss of data
     1>Tracker.cpp(308): warning C4018: '>' : signed/unsigned mismatch
     1>Tracker.cpp(321): warning C4018: '<' : signed/unsigned mismatch
         VIBE.cpp
     1>VIBE.cpp(6): warning C4244: 'initializing' : conversion from 'time_t' to 'unsigned int', possible loss of data
     1>VIBE.cpp(52): warning C4018: '>=' : signed/unsigned mismatch
     1>VIBE.cpp(65): warning C4018: '>=' : signed/unsigned mismatch
     1>VIBE.cpp(136): warning C4018: '<' : signed/unsigned mismatch
     1>VIBE.cpp(138): warning C4018: '<' : signed/unsigned mismatch
     1>VIBE.cpp(149): warning C4018: '<' : signed/unsigned mismatch
     1>VIBE.cpp(176): warning C4018: '<=' : signed/unsigned mismatch
     1>VIBE.cpp(185): warning C4018: '<=' : signed/unsigned mismatch
     1>VIBE.cpp(192): warning C4018: '<=' : signed/unsigned mismatch
     1>VIBE.cpp(201): warning C4018: '<=' : signed/unsigned mismatch
     1>VIBE.cpp(217): warning C4018: '<=' : signed/unsigned mismatch
     1>VIBE.cpp(260): warning C4018: '<=' : signed/unsigned mismatch
         E:\dat\VisualStudioDev\VC\bin\CL.exe /c /IE:\dat\VisualStudioWorkstaion\LTT.EST.CameraMarketing\Lib\include /Zi /nologo /W3 /WX- /sdl /O2 /Oi /Oy- /GL /D _CRT_SECURE_NO_WARNINGS /D WIN32 /D NDEBUG /D _CONSOLE /D _UNICODE /D UNICODE /Gm- /EHsc /MD /GS /Gy /fp:precise /Zc:wchar_t /Zc:forScope /Fo"Release\\" /Fd"Release\vc110.pdb" /Gd /analyze- /errorReport:prompt sqlite3.c
         sqlite3.c
       Link:
         E:\dat\VisualStudioDev\VC\bin\link.exe /ERRORREPORT:PROMPT /OUT:"E:\dat\VisualStudioWorkstaion\LTT.EST.CameraMarketing\Release\LTT.ETS.CameraMarketing.exe" /INCREMENTAL:NO /NOLOGO /LIBPATH:E:\dat\VisualStudioWorkstaion\LTT.EST.CameraMarketing\Lib\vc11\lib opencv_calib3d249.lib opencv_contrib249.lib opencv_core249.lib opencv_features2d249.lib opencv_flann249.lib opencv_gpu249.lib opencv_highgui249.lib opencv_imgproc249.lib opencv_legacy249.lib opencv_ml249.lib opencv_nonfree249.lib opencv_objdetect249.lib opencv_photo249.lib opencv_stitching249.lib opencv_superres249.lib opencv_ts249.lib opencv_video249.lib opencv_videostab249.lib kernel32.lib user32.lib gdi32.lib winspool.lib comdlg32.lib advapi32.lib shell32.lib ole32.lib oleaut32.lib uuid.lib odbc32.lib odbccp32.lib /MANIFEST /MANIFESTUAC:"level='asInvoker' uiAccess='false'" /manifest:embed /DEBUG /PDB:"E:\dat\VisualStudioWorkstaion\LTT.EST.CameraMarketing\Release\LTT.ETS.CameraMarketing.pdb" /SUBSYSTEM:CONSOLE /OPT:REF /OPT:ICF /LTCG /TLBID:1 /DYNAMICBASE /NXCOMPAT /IMPLIB:"E:\dat\VisualStudioWorkstaion\LTT.EST.CameraMarketing\Release\LTT.ETS.CameraMarketing.lib" /MACHINE:X86 /SAFESEH Release\BackgroundSubtract.obj
         Release\ConnectDB.obj
         Release\Detector.obj
         Release\Enviroment.obj
         Release\HungarianAlg.obj
         Release\IpCamProject.obj
         Release\Kalman.obj
         Release\sqlite3.obj
         Release\stdafx.obj
         Release\Tracker.obj
         Release\VIBE.obj
         Generating code
         Finished generating code
         IpCamProject.vcxproj -> E:\dat\VisualStudioWorkstaion\LTT.EST.CameraMarketing\Release\LTT.ETS.CameraMarketing.exe
     1>Done Building Project "E:\dat\VisualStudioWorkstaion\LTT.EST.CameraMarketing\IpCamProject\IpCamProject.vcxproj" (Build target(s)).

Build succeeded.

Time Elapsed 00:00:57.65
