E:\DAT\VISUALSTUDIOWORKSTAION\LTT.EST.CAMERAMARKETING\RELEASE\LTT.ETS.CAMERAMARKETING.EXE
E:\DAT\VISUALSTUDIOWORKSTAION\LTT.EST.CAMERAMARKETING\RELEASE\LTT.ETS.CAMERAMARKETING.PDB
E:\DAT\VISUALSTUDIOWORKSTAION\LTT.EST.CAMERAMARKETING\IPCAMPROJECT\RELEASE\LTT.ETS.CAMERAMARKETING.PCH
E:\DAT\VISUALSTUDIOWORKSTAION\LTT.EST.CAMERAMARKETING\IPCAMPROJECT\RELEASE\STDAFX.OBJ
E:\DAT\VISUALSTUDIOWORKSTAION\LTT.EST.CAMERAMARKETING\IPCAMPROJECT\RELEASE\VC110.PDB
E:\DAT\VISUALSTUDIOWORKSTAION\LTT.EST.CAMERAMARKETING\IPCAMPROJECT\RELEASE\VIBE.OBJ
E:\DAT\VISUALSTUDIOWORKSTAION\LTT.EST.CAMERAMARKETING\IPCAMPROJECT\RELEASE\UTILS.OBJ
E:\DAT\VISUALSTUDIOWORKSTAION\LTT.EST.CAMERAMARKETING\IPCAMPROJECT\RELEASE\TRACKER.OBJ
E:\DAT\VISUALSTUDIOWORKSTAION\LTT.EST.CAMERAMARKETING\IPCAMPROJECT\RELEASE\MEANSHIFTTRACKER.OBJ
E:\DAT\VISUALSTUDIOWORKSTAION\LTT.EST.CAMERAMARKETING\IPCAMPROJECT\RELEASE\MEANSHIFT.OBJ
E:\DAT\VISUALSTUDIOWORKSTAION\LTT.EST.CAMERAMARKETING\IPCAMPROJECT\RELEASE\KALMAN.OBJ
E:\DAT\VISUALSTUDIOWORKSTAION\LTT.EST.CAMERAMARKETING\IPCAMPROJECT\RELEASE\IPCAMPROJECT.OBJ
E:\DAT\VISUALSTUDIOWORKSTAION\LTT.EST.CAMERAMARKETING\IPCAMPROJECT\RELEASE\IPCAM.OBJ
E:\DAT\VISUALSTUDIOWORKSTAION\LTT.EST.CAMERAMARKETING\IPCAMPROJECT\RELEASE\HUNGARIANALG.OBJ
E:\DAT\VISUALSTUDIOWORKSTAION\LTT.EST.CAMERAMARKETING\IPCAMPROJECT\RELEASE\ENVIROMENT.OBJ
E:\DAT\VISUALSTUDIOWORKSTAION\LTT.EST.CAMERAMARKETING\IPCAMPROJECT\RELEASE\DETECTOR.OBJ
E:\DAT\VISUALSTUDIOWORKSTAION\LTT.EST.CAMERAMARKETING\IPCAMPROJECT\RELEASE\CONTENTFINDER.OBJ
E:\DAT\VISUALSTUDIOWORKSTAION\LTT.EST.CAMERAMARKETING\IPCAMPROJECT\RELEASE\CONNECTDB.OBJ
E:\DAT\VISUALSTUDIOWORKSTAION\LTT.EST.CAMERAMARKETING\IPCAMPROJECT\RELEASE\COLORHISTOGRAM.OBJ
E:\DAT\VISUALSTUDIOWORKSTAION\LTT.EST.CAMERAMARKETING\IPCAMPROJECT\RELEASE\BLOB.OBJ
E:\DAT\VISUALSTUDIOWORKSTAION\LTT.EST.CAMERAMARKETING\IPCAMPROJECT\RELEASE\BACKGROUNDSUBTRACT.OBJ
E:\DAT\VISUALSTUDIOWORKSTAION\LTT.EST.CAMERAMARKETING\IPCAMPROJECT\RELEASE\SQLITE3.OBJ
E:\dat\VisualStudioWorkstaion\LTT.EST.CameraMarketing\IpCamProject\Release\Blob.obj
E:\dat\VisualStudioWorkstaion\LTT.EST.CameraMarketing\IpCamProject\Release\ColorHistogram.obj
E:\dat\VisualStudioWorkstaion\LTT.EST.CameraMarketing\IpCamProject\Release\ConnectDB.obj
E:\dat\VisualStudioWorkstaion\LTT.EST.CameraMarketing\IpCamProject\Release\ContentFinder.obj
E:\dat\VisualStudioWorkstaion\LTT.EST.CameraMarketing\IpCamProject\Release\IpCam.obj
E:\dat\VisualStudioWorkstaion\LTT.EST.CameraMarketing\IpCamProject\Release\IpCamProject.obj
E:\dat\VisualStudioWorkstaion\LTT.EST.CameraMarketing\IpCamProject\Release\MeanShift.obj
E:\dat\VisualStudioWorkstaion\LTT.EST.CameraMarketing\IpCamProject\Release\MeanShiftTracker.obj
E:\dat\VisualStudioWorkstaion\LTT.EST.CameraMarketing\IpCamProject\Release\sqlite3.obj
E:\dat\VisualStudioWorkstaion\LTT.EST.CameraMarketing\IpCamProject\Release\stdafx.obj
E:\dat\VisualStudioWorkstaion\LTT.EST.CameraMarketing\IpCamProject\Release\Utils.obj
E:\dat\VisualStudioWorkstaion\LTT.EST.CameraMarketing\IpCamProject\Release\VIBE.obj
E:\dat\VisualStudioWorkstaion\LTT.EST.CameraMarketing\IpCamProject\Release\HungarianAlg.obj
E:\dat\VisualStudioWorkstaion\LTT.EST.CameraMarketing\IpCamProject\Release\Enviroment.obj
E:\dat\VisualStudioWorkstaion\LTT.EST.CameraMarketing\IpCamProject\Release\Detector.obj
E:\dat\VisualStudioWorkstaion\LTT.EST.CameraMarketing\IpCamProject\Release\BackgroundSubtract.obj
E:\dat\VisualStudioWorkstaion\LTT.EST.CameraMarketing\IpCamProject\Release\Tracker.obj
E:\dat\VisualStudioWorkstaion\LTT.EST.CameraMarketing\IpCamProject\Release\Kalman.obj
E:\dat\VisualStudioWorkstaion\LTT.EST.CameraMarketing\IpCamProject\Release\cl.command.1.tlog
E:\dat\VisualStudioWorkstaion\LTT.EST.CameraMarketing\IpCamProject\Release\link-cvtres.read.1.tlog
E:\dat\VisualStudioWorkstaion\LTT.EST.CameraMarketing\IpCamProject\Release\link-cvtres.write.1.tlog
E:\dat\VisualStudioWorkstaion\LTT.EST.CameraMarketing\IpCamProject\Release\link-rc.read.1.tlog
E:\dat\VisualStudioWorkstaion\LTT.EST.CameraMarketing\IpCamProject\Release\link-rc.write.1.tlog
E:\dat\VisualStudioWorkstaion\LTT.EST.CameraMarketing\IpCamProject\Release\link.command.1.tlog
E:\dat\VisualStudioWorkstaion\LTT.EST.CameraMarketing\IpCamProject\Release\CL.read.1.tlog
E:\dat\VisualStudioWorkstaion\LTT.EST.CameraMarketing\IpCamProject\Release\link.read.1.tlog
E:\dat\VisualStudioWorkstaion\LTT.EST.CameraMarketing\IpCamProject\Release\link.write.1.tlog
E:\dat\VisualStudioWorkstaion\LTT.EST.CameraMarketing\IpCamProject\Release\CL.write.1.tlog
E:\dat\VisualStudioWorkstaion\LTT.EST.CameraMarketing\IpCamProject\Release\LTT.ETS.CameraMarketing.pch
E:\dat\VisualStudioWorkstaion\LTT.EST.CameraMarketing\IpCamProject\Release\vc110.pdb
E:\dat\VisualStudioWorkstaion\LTT.EST.CameraMarketing\Release\LTT.ETS.CameraMarketing.pdb
E:\dat\VisualStudioWorkstaion\LTT.EST.CameraMarketing\Release\LTT.ETS.CameraMarketing.exe
